COWFS Log File
=====================
[2025-04-09T22:11:10.181087] Datos escritos en el archivo 'corni'. Nueva versión: 0.
[2025-04-09T22:11:29.662025] Datos escritos en el archivo 'corni'. Nueva versión: 1.
[2025-04-09T23:02:12.934394] Datos escritos en el archivo 'corni'. Nueva versión: 1.
[2025-04-09T23:02:50.644701] Datos escritos en el archivo 'corni'. Nueva versión: 2.
[2025-04-09T23:02:54.286592] Datos escritos en el archivo 'corni'. Nueva versión: 3.
[2025-04-09T23:02:58.179965] Datos escritos en el archivo 'corni'. Nueva versión: 4.
[2025-04-09T23:03:05.583919] Datos escritos en el archivo 'corni'. Nueva versión: 5.
[2025-04-09T23:03:08.451747] Datos escritos en el archivo 'corni'. Nueva versión: 6.
[2025-04-09T23:03:09.950753] Datos escritos en el archivo 'corni'. Nueva versión: 7.
[2025-04-09T23:03:11.919653] Datos escritos en el archivo 'corni'. Nueva versión: 8.
[2025-04-09T23:06:10.103303] Datos escritos en el archivo 'corni'. Nueva versión: 1.
[2025-04-09T23:07:15.091374] Datos escritos en el archivo 'corni'. Nueva versión: 2.
[2025-04-09T23:15:05.081017] Datos escritos en el archivo 'corni'. Nueva versión: 1.
[2025-04-09T23:15:07.973942] Datos escritos en el archivo 'corni'. Nueva versión: 2.
[2025-04-09T23:15:09.347133] Datos escritos en el archivo 'corni'. Nueva versión: 3.
[2025-04-09T23:16:18.286044] Datos escritos en el archivo 'corni'. Nueva versión: 1.
[2025-04-09T23:16:19.320884] Datos escritos en el archivo 'corni'. Nueva versión: 2.
[2025-04-09T23:16:20.772508] Datos escritos en el archivo 'corni'. Nueva versión: 3.
[2025-04-09T23:16:23.156009] Datos escritos en el archivo 'corni'. Nueva versión: 4.
[2025-04-10T18:51:33.797248] Datos escritos en el archivo 'corni'. Nueva versión: 0.
[2025-04-10T18:51:37.482632] Datos escritos en el archivo 'corni'. Nueva versión: 1.
[2025-04-10T18:51:40.299845] Datos escritos en el archivo 'corni'. Nueva versión: 2.
[2025-04-10T19:01:45.601027] Archivo 'corni' ya existe. Trabajando con el archivo existente.
[2025-04-10T19:01:45.603006] Archivo 'corni' abierto correctamente.
[2025-04-10T19:02:31.176871] Datos escritos en el archivo 'corni'. Nueva versión: 0.
[2025-04-10T19:02:39.778178] Datos escritos en el archivo 'corni'. Nueva versión: 1.
[2025-04-10T19:02:44.191451] Datos escritos en el archivo 'corni'. Nueva versión: 2.
[2025-04-10T19:02:46.205137] Archivo 'corni' cerrado correctamente.
[2025-04-10T19:14:33.574802] Archivo 'corni' ya existe. Trabajando con el archivo existente.
[2025-04-10T19:14:33.576822] Archivo 'corni' abierto correctamente.
[2025-04-10T19:15:15.476710] Bloque actualizado: da1dedb2-40be-4fdc-8351-ee1d4e4d015b
[2025-04-10T19:15:15.480953] Datos escritos en el archivo 'corni'. Nueva versión: 3.
[2025-04-10T19:15:24.562842] Bloque actualizado: da1dedb2-40be-4fdc-8351-ee1d4e4d015b
[2025-04-10T19:15:24.567813] Datos escritos en el archivo 'corni'. Nueva versión: 4.
[2025-04-10T19:15:27.067744] Archivo 'corni' cerrado correctamente.
